[1.427s] Invoking command in '/home/redlightning/rbe500-ros/src/omx_24_hw1': PYTHONPATH=/home/redlightning/rbe500-ros/src/omx_24_hw1/build/omx_24_hw1/prefix_override:/home/redlightning/rbe500-ros/src/omx_24_hw1/install/omx_24_hw1/lib/python3.10/site-packages:${PYTHONPATH} /usr/bin/python3 setup.py egg_info --egg-base build/omx_24_hw1 build --build-base /home/redlightning/rbe500-ros/src/omx_24_hw1/build/omx_24_hw1/build install --record /home/redlightning/rbe500-ros/src/omx_24_hw1/build/omx_24_hw1/install.log --single-version-externally-managed
[1.823s] running egg_info
[1.824s] creating build/omx_24_hw1/omx_24_hw1.egg-info
[1.824s] writing build/omx_24_hw1/omx_24_hw1.egg-info/PKG-INFO
[1.825s] writing dependency_links to build/omx_24_hw1/omx_24_hw1.egg-info/dependency_links.txt
[1.825s] writing entry points to build/omx_24_hw1/omx_24_hw1.egg-info/entry_points.txt
[1.825s] writing requirements to build/omx_24_hw1/omx_24_hw1.egg-info/requires.txt
[1.825s] writing top-level names to build/omx_24_hw1/omx_24_hw1.egg-info/top_level.txt
[1.826s] writing manifest file 'build/omx_24_hw1/omx_24_hw1.egg-info/SOURCES.txt'
[1.829s] reading manifest file 'build/omx_24_hw1/omx_24_hw1.egg-info/SOURCES.txt'
[1.830s] writing manifest file 'build/omx_24_hw1/omx_24_hw1.egg-info/SOURCES.txt'
[1.830s] running build
[1.830s] running build_py
[1.831s] creating /home/redlightning/rbe500-ros/src/omx_24_hw1/build/omx_24_hw1/build
[1.831s] creating /home/redlightning/rbe500-ros/src/omx_24_hw1/build/omx_24_hw1/build/lib
[1.831s] creating /home/redlightning/rbe500-ros/src/omx_24_hw1/build/omx_24_hw1/build/lib/omx_24_hw1
[1.831s] copying omx_24_hw1/__init__.py -> /home/redlightning/rbe500-ros/src/omx_24_hw1/build/omx_24_hw1/build/lib/omx_24_hw1
[1.831s] copying omx_24_hw1/fk_sub.py -> /home/redlightning/rbe500-ros/src/omx_24_hw1/build/omx_24_hw1/build/lib/omx_24_hw1
[1.832s] running install
[1.832s] /usr/lib/python3/dist-packages/setuptools/command/install.py:34: SetuptoolsDeprecationWarning: setup.py install is deprecated. Use build and pip and other standards-based tools.
[1.832s]   warnings.warn(
[1.832s] running install_lib
[1.835s] creating /home/redlightning/rbe500-ros/src/omx_24_hw1/install/omx_24_hw1/lib/python3.10/site-packages/omx_24_hw1
[1.835s] copying /home/redlightning/rbe500-ros/src/omx_24_hw1/build/omx_24_hw1/build/lib/omx_24_hw1/__init__.py -> /home/redlightning/rbe500-ros/src/omx_24_hw1/install/omx_24_hw1/lib/python3.10/site-packages/omx_24_hw1
[1.836s] copying /home/redlightning/rbe500-ros/src/omx_24_hw1/build/omx_24_hw1/build/lib/omx_24_hw1/fk_sub.py -> /home/redlightning/rbe500-ros/src/omx_24_hw1/install/omx_24_hw1/lib/python3.10/site-packages/omx_24_hw1
[1.836s] byte-compiling /home/redlightning/rbe500-ros/src/omx_24_hw1/install/omx_24_hw1/lib/python3.10/site-packages/omx_24_hw1/__init__.py to __init__.cpython-310.pyc
[1.837s] byte-compiling /home/redlightning/rbe500-ros/src/omx_24_hw1/install/omx_24_hw1/lib/python3.10/site-packages/omx_24_hw1/fk_sub.py to fk_sub.cpython-310.pyc
[1.838s] running install_data
[1.839s] creating /home/redlightning/rbe500-ros/src/omx_24_hw1/install/omx_24_hw1/share/ament_index
[1.839s] creating /home/redlightning/rbe500-ros/src/omx_24_hw1/install/omx_24_hw1/share/ament_index/resource_index
[1.839s] creating /home/redlightning/rbe500-ros/src/omx_24_hw1/install/omx_24_hw1/share/ament_index/resource_index/packages
[1.840s] copying resource/omx_24_hw1 -> /home/redlightning/rbe500-ros/src/omx_24_hw1/install/omx_24_hw1/share/ament_index/resource_index/packages
[1.840s] copying package.xml -> /home/redlightning/rbe500-ros/src/omx_24_hw1/install/omx_24_hw1/share/omx_24_hw1
[1.840s] running install_egg_info
[1.843s] Copying build/omx_24_hw1/omx_24_hw1.egg-info to /home/redlightning/rbe500-ros/src/omx_24_hw1/install/omx_24_hw1/lib/python3.10/site-packages/omx_24_hw1-0.0.0-py3.10.egg-info
[1.844s] running install_scripts
[1.879s] Installing fk_sub script to /home/redlightning/rbe500-ros/src/omx_24_hw1/install/omx_24_hw1/lib/omx_24_hw1
[1.879s] writing list of installed files to '/home/redlightning/rbe500-ros/src/omx_24_hw1/build/omx_24_hw1/install.log'
[1.942s] Invoked command in '/home/redlightning/rbe500-ros/src/omx_24_hw1' returned '0': PYTHONPATH=/home/redlightning/rbe500-ros/src/omx_24_hw1/build/omx_24_hw1/prefix_override:/home/redlightning/rbe500-ros/src/omx_24_hw1/install/omx_24_hw1/lib/python3.10/site-packages:${PYTHONPATH} /usr/bin/python3 setup.py egg_info --egg-base build/omx_24_hw1 build --build-base /home/redlightning/rbe500-ros/src/omx_24_hw1/build/omx_24_hw1/build install --record /home/redlightning/rbe500-ros/src/omx_24_hw1/build/omx_24_hw1/install.log --single-version-externally-managed
